0 info it worked if it ends with ok
<<<<<<< HEAD
1 verbose cli [ 'node', '/usr/local/bin/npm', 'start' ]
2 info using npm@1.3.21
3 info using node@v0.10.24
4 verbose run-script [ 'prestart', 'start', 'poststart' ]
5 info prestart portal@0.0.1
6 info start portal@0.0.1
7 verbose unsafe-perm in lifecycle true
8 info portal@0.0.1 Failed to exec start script
9 error portal@0.0.1 start: `node ./bin/www`
9 error Exit status 8
10 error Failed at the portal@0.0.1 start script.
10 error This is most likely a problem with the portal package,
10 error not with npm itself.
10 error Tell the author that this fails on your system:
10 error     node ./bin/www
10 error You can get their info via:
10 error     npm owner ls portal
10 error There is likely additional logging output above.
11 error System Darwin 13.2.0
12 error command "node" "/usr/local/bin/npm" "start"
13 error cwd /Users/stephenraghunath/Desktop/suny-live/portal
14 error node -v v0.10.24
15 error npm -v 1.3.21
16 error code ELIFECYCLE
17 verbose exit [ 1, true ]
=======
1 verbose cli [ 'C:\\Program Files (x86)\\nodejs\\\\node.exe',
1 verbose cli   'C:\\Program Files (x86)\\nodejs\\node_modules\\npm\\bin\\npm-cli.js',
1 verbose cli   'start' ]
2 info using npm@1.4.9
3 info using node@v0.10.28
4 verbose node symlink C:\Program Files (x86)\nodejs\\node.exe
5 verbose run-script [ 'prestart', 'start', 'poststart' ]
6 info prestart portal@0.0.1
7 info start portal@0.0.1
8 verbose unsafe-perm in lifecycle true
9 info portal@0.0.1 Failed to exec start script
10 error portal@0.0.1 start: `node ./bin/www`
10 error Exit status 8
11 error Failed at the portal@0.0.1 start script.
11 error This is most likely a problem with the portal package,
11 error not with npm itself.
11 error Tell the author that this fails on your system:
11 error     node ./bin/www
11 error You can get their info via:
11 error     npm owner ls portal
11 error There is likely additional logging output above.
12 error System Windows_NT 6.2.9200
13 error command "C:\\Program Files (x86)\\nodejs\\\\node.exe" "C:\\Program Files (x86)\\nodejs\\node_modules\\npm\\bin\\npm-cli.js" "start"
14 error cwd D:\Lucas Database\EUA COLLEGE\Node Programming\project\suny-live\portal
15 error node -v v0.10.28
16 error npm -v 1.4.9
17 error code ELIFECYCLE
18 verbose exit [ 1, true ]
>>>>>>> This is the Profile page
